<?xml version="1.0" encoding="UTF-8"?>
<!-- Generated by org.testng.reporters.JUnitReportReporter -->
<testsuite hostname="DESKTOP-PRBT4TP" failures="0" tests="1" name="Day3.Cookies" time="13.387" errors="0" timestamp="2024-04-08T22:47:10 IST" skipped="0">
  <testcase classname="Day3.Cookies" name="cookies" time="13.387"/>
</testsuite> <!-- Day3.Cookies -->
